2017-07-25 14:21:15,624 WARN 10461 [-/127.0.0.1/-/2ms POST /buy] invalid csrf token. See https://eggjs.org/zh-cn/core/security.html#安全威胁csrf的防范
2017-07-25 14:21:15,628 WARN 10461 [-/127.0.0.1/-/6ms POST /buy] nodejs.ForbiddenError: invalid csrf token
    at Object.throw (/Users/joe/svn/eggtrade/node_modules/koa/lib/context.js:89:23)
    at Object.assertCsrf (/Users/joe/svn/eggtrade/node_modules/egg-security/app/extend/context.js:148:17)
    at Object.csrf (/Users/joe/svn/eggtrade/node_modules/egg-security/lib/middlewares/csrf.js:30:10)
    at next (native)
    at Object.<anonymous> (/Users/joe/svn/eggtrade/node_modules/koa-compose/index.js:28:19)
    at next (native)
    at onFulfilled (/Users/joe/svn/eggtrade/node_modules/co/index.js:65:19)
    at /Users/joe/svn/eggtrade/node_modules/co/index.js:54:5
    at Object.co (/Users/joe/svn/eggtrade/node_modules/co/index.js:50:10)
    at Object.toPromise (/Users/joe/svn/eggtrade/node_modules/co/index.js:118:63)
    at next (/Users/joe/svn/eggtrade/node_modules/co/index.js:99:29)
    at onFulfilled (/Users/joe/svn/eggtrade/node_modules/co/index.js:69:7)
    at /Users/joe/svn/eggtrade/node_modules/co/index.js:54:5
    at Object.co (/Users/joe/svn/eggtrade/node_modules/co/index.js:50:10)
    at Object.toPromise (/Users/joe/svn/eggtrade/node_modules/co/index.js:118:63)
    at next (/Users/joe/svn/eggtrade/node_modules/co/index.js:99:29)
message: 'invalid csrf token'
pid: 10461
hostname: zouyongliangdeMacBook-Pro.local

2017-07-25 14:26:55,820 WARN 10461 [-/127.0.0.1/-/1ms POST /buy] invalid csrf token. See https://eggjs.org/zh-cn/core/security.html#安全威胁csrf的防范
2017-07-25 14:26:55,823 WARN 10461 [-/127.0.0.1/-/3ms POST /buy] nodejs.ForbiddenError: invalid csrf token
    at Object.throw (/Users/joe/svn/eggtrade/node_modules/koa/lib/context.js:89:23)
    at Object.assertCsrf (/Users/joe/svn/eggtrade/node_modules/egg-security/app/extend/context.js:148:17)
    at Object.csrf (/Users/joe/svn/eggtrade/node_modules/egg-security/lib/middlewares/csrf.js:30:10)
    at next (native)
    at Object.<anonymous> (/Users/joe/svn/eggtrade/node_modules/koa-compose/index.js:28:19)
    at next (native)
    at onFulfilled (/Users/joe/svn/eggtrade/node_modules/co/index.js:65:19)
    at /Users/joe/svn/eggtrade/node_modules/co/index.js:54:5
    at Object.co (/Users/joe/svn/eggtrade/node_modules/co/index.js:50:10)
    at Object.toPromise (/Users/joe/svn/eggtrade/node_modules/co/index.js:118:63)
    at next (/Users/joe/svn/eggtrade/node_modules/co/index.js:99:29)
    at onFulfilled (/Users/joe/svn/eggtrade/node_modules/co/index.js:69:7)
    at /Users/joe/svn/eggtrade/node_modules/co/index.js:54:5
    at Object.co (/Users/joe/svn/eggtrade/node_modules/co/index.js:50:10)
    at Object.toPromise (/Users/joe/svn/eggtrade/node_modules/co/index.js:118:63)
    at next (/Users/joe/svn/eggtrade/node_modules/co/index.js:99:29)
message: 'invalid csrf token'
pid: 10461
hostname: zouyongliangdeMacBook-Pro.local

2017-07-25 14:26:57,571 WARN 10461 [-/127.0.0.1/-/2ms POST /buy] invalid csrf token. See https://eggjs.org/zh-cn/core/security.html#安全威胁csrf的防范
2017-07-25 14:26:57,575 WARN 10461 [-/127.0.0.1/-/5ms POST /buy] nodejs.ForbiddenError: invalid csrf token
    at Object.throw (/Users/joe/svn/eggtrade/node_modules/koa/lib/context.js:89:23)
    at Object.assertCsrf (/Users/joe/svn/eggtrade/node_modules/egg-security/app/extend/context.js:148:17)
    at Object.csrf (/Users/joe/svn/eggtrade/node_modules/egg-security/lib/middlewares/csrf.js:30:10)
    at next (native)
    at Object.<anonymous> (/Users/joe/svn/eggtrade/node_modules/koa-compose/index.js:28:19)
    at next (native)
    at onFulfilled (/Users/joe/svn/eggtrade/node_modules/co/index.js:65:19)
    at /Users/joe/svn/eggtrade/node_modules/co/index.js:54:5
    at Object.co (/Users/joe/svn/eggtrade/node_modules/co/index.js:50:10)
    at Object.toPromise (/Users/joe/svn/eggtrade/node_modules/co/index.js:118:63)
    at next (/Users/joe/svn/eggtrade/node_modules/co/index.js:99:29)
    at onFulfilled (/Users/joe/svn/eggtrade/node_modules/co/index.js:69:7)
    at /Users/joe/svn/eggtrade/node_modules/co/index.js:54:5
    at Object.co (/Users/joe/svn/eggtrade/node_modules/co/index.js:50:10)
    at Object.toPromise (/Users/joe/svn/eggtrade/node_modules/co/index.js:118:63)
    at next (/Users/joe/svn/eggtrade/node_modules/co/index.js:99:29)
message: 'invalid csrf token'
pid: 10461
hostname: zouyongliangdeMacBook-Pro.local

2017-07-25 14:26:59,139 WARN 10461 [-/127.0.0.1/-/0ms POST /buy] invalid csrf token. See https://eggjs.org/zh-cn/core/security.html#安全威胁csrf的防范
2017-07-25 14:26:59,140 WARN 10461 [-/127.0.0.1/-/1ms POST /buy] nodejs.ForbiddenError: invalid csrf token
    at Object.throw (/Users/joe/svn/eggtrade/node_modules/koa/lib/context.js:89:23)
    at Object.assertCsrf (/Users/joe/svn/eggtrade/node_modules/egg-security/app/extend/context.js:148:17)
    at Object.csrf (/Users/joe/svn/eggtrade/node_modules/egg-security/lib/middlewares/csrf.js:30:10)
    at next (native)
    at Object.<anonymous> (/Users/joe/svn/eggtrade/node_modules/koa-compose/index.js:28:19)
    at next (native)
    at onFulfilled (/Users/joe/svn/eggtrade/node_modules/co/index.js:65:19)
    at /Users/joe/svn/eggtrade/node_modules/co/index.js:54:5
    at Object.co (/Users/joe/svn/eggtrade/node_modules/co/index.js:50:10)
    at Object.toPromise (/Users/joe/svn/eggtrade/node_modules/co/index.js:118:63)
    at next (/Users/joe/svn/eggtrade/node_modules/co/index.js:99:29)
    at onFulfilled (/Users/joe/svn/eggtrade/node_modules/co/index.js:69:7)
    at /Users/joe/svn/eggtrade/node_modules/co/index.js:54:5
    at Object.co (/Users/joe/svn/eggtrade/node_modules/co/index.js:50:10)
    at Object.toPromise (/Users/joe/svn/eggtrade/node_modules/co/index.js:118:63)
    at next (/Users/joe/svn/eggtrade/node_modules/co/index.js:99:29)
message: 'invalid csrf token'
pid: 10461
hostname: zouyongliangdeMacBook-Pro.local

2017-07-25 14:27:03,407 WARN 10461 [-/127.0.0.1/-/1ms POST /buy] invalid csrf token. See https://eggjs.org/zh-cn/core/security.html#安全威胁csrf的防范
2017-07-25 14:27:03,409 WARN 10461 [-/127.0.0.1/-/2ms POST /buy] nodejs.ForbiddenError: invalid csrf token
    at Object.throw (/Users/joe/svn/eggtrade/node_modules/koa/lib/context.js:89:23)
    at Object.assertCsrf (/Users/joe/svn/eggtrade/node_modules/egg-security/app/extend/context.js:148:17)
    at Object.csrf (/Users/joe/svn/eggtrade/node_modules/egg-security/lib/middlewares/csrf.js:30:10)
    at next (native)
    at Object.<anonymous> (/Users/joe/svn/eggtrade/node_modules/koa-compose/index.js:28:19)
    at next (native)
    at onFulfilled (/Users/joe/svn/eggtrade/node_modules/co/index.js:65:19)
    at /Users/joe/svn/eggtrade/node_modules/co/index.js:54:5
    at Object.co (/Users/joe/svn/eggtrade/node_modules/co/index.js:50:10)
    at Object.toPromise (/Users/joe/svn/eggtrade/node_modules/co/index.js:118:63)
    at next (/Users/joe/svn/eggtrade/node_modules/co/index.js:99:29)
    at onFulfilled (/Users/joe/svn/eggtrade/node_modules/co/index.js:69:7)
    at /Users/joe/svn/eggtrade/node_modules/co/index.js:54:5
    at Object.co (/Users/joe/svn/eggtrade/node_modules/co/index.js:50:10)
    at Object.toPromise (/Users/joe/svn/eggtrade/node_modules/co/index.js:118:63)
    at next (/Users/joe/svn/eggtrade/node_modules/co/index.js:99:29)
message: 'invalid csrf token'
pid: 10461
hostname: zouyongliangdeMacBook-Pro.local

2017-07-25 14:58:14,361 WARN 10461 [-/127.0.0.1/-/2ms POST /buy] invalid csrf token. See https://eggjs.org/zh-cn/core/security.html#安全威胁csrf的防范
2017-07-25 14:58:14,376 WARN 10461 [-/127.0.0.1/-/9ms POST /buy] nodejs.ForbiddenError: invalid csrf token
    at Object.throw (/Users/joe/svn/eggtrade/node_modules/koa/lib/context.js:89:23)
    at Object.assertCsrf (/Users/joe/svn/eggtrade/node_modules/egg-security/app/extend/context.js:148:17)
    at Object.csrf (/Users/joe/svn/eggtrade/node_modules/egg-security/lib/middlewares/csrf.js:30:10)
    at next (native)
    at Object.<anonymous> (/Users/joe/svn/eggtrade/node_modules/koa-compose/index.js:28:19)
    at next (native)
    at onFulfilled (/Users/joe/svn/eggtrade/node_modules/co/index.js:65:19)
    at /Users/joe/svn/eggtrade/node_modules/co/index.js:54:5
    at Object.co (/Users/joe/svn/eggtrade/node_modules/co/index.js:50:10)
    at Object.toPromise (/Users/joe/svn/eggtrade/node_modules/co/index.js:118:63)
    at next (/Users/joe/svn/eggtrade/node_modules/co/index.js:99:29)
    at onFulfilled (/Users/joe/svn/eggtrade/node_modules/co/index.js:69:7)
    at /Users/joe/svn/eggtrade/node_modules/co/index.js:54:5
    at Object.co (/Users/joe/svn/eggtrade/node_modules/co/index.js:50:10)
    at Object.toPromise (/Users/joe/svn/eggtrade/node_modules/co/index.js:118:63)
    at next (/Users/joe/svn/eggtrade/node_modules/co/index.js:99:29)
message: 'invalid csrf token'
pid: 10461
hostname: zouyongliangdeMacBook-Pro.local

2017-07-25 15:12:28,696 WARN 10461 [-/127.0.0.1/-/1ms POST /buy] invalid csrf token. See https://eggjs.org/zh-cn/core/security.html#安全威胁csrf的防范
2017-07-25 15:12:28,710 WARN 10461 [-/127.0.0.1/-/2ms POST /buy] nodejs.ForbiddenError: invalid csrf token
    at Object.throw (/Users/joe/svn/eggtrade/node_modules/koa/lib/context.js:89:23)
    at Object.assertCsrf (/Users/joe/svn/eggtrade/node_modules/egg-security/app/extend/context.js:148:17)
    at Object.csrf (/Users/joe/svn/eggtrade/node_modules/egg-security/lib/middlewares/csrf.js:30:10)
    at next (native)
    at Object.<anonymous> (/Users/joe/svn/eggtrade/node_modules/koa-compose/index.js:28:19)
    at next (native)
    at onFulfilled (/Users/joe/svn/eggtrade/node_modules/co/index.js:65:19)
    at /Users/joe/svn/eggtrade/node_modules/co/index.js:54:5
    at Object.co (/Users/joe/svn/eggtrade/node_modules/co/index.js:50:10)
    at Object.toPromise (/Users/joe/svn/eggtrade/node_modules/co/index.js:118:63)
    at next (/Users/joe/svn/eggtrade/node_modules/co/index.js:99:29)
    at onFulfilled (/Users/joe/svn/eggtrade/node_modules/co/index.js:69:7)
    at /Users/joe/svn/eggtrade/node_modules/co/index.js:54:5
    at Object.co (/Users/joe/svn/eggtrade/node_modules/co/index.js:50:10)
    at Object.toPromise (/Users/joe/svn/eggtrade/node_modules/co/index.js:118:63)
    at next (/Users/joe/svn/eggtrade/node_modules/co/index.js:99:29)
message: 'invalid csrf token'
pid: 10461
hostname: zouyongliangdeMacBook-Pro.local

2017-07-25 15:12:50,687 WARN 10461 [-/127.0.0.1/-/1ms POST /buy] invalid csrf token. See https://eggjs.org/zh-cn/core/security.html#安全威胁csrf的防范
2017-07-25 15:12:50,693 WARN 10461 [-/127.0.0.1/-/7ms POST /buy] nodejs.ForbiddenError: invalid csrf token
    at Object.throw (/Users/joe/svn/eggtrade/node_modules/koa/lib/context.js:89:23)
    at Object.assertCsrf (/Users/joe/svn/eggtrade/node_modules/egg-security/app/extend/context.js:148:17)
    at Object.csrf (/Users/joe/svn/eggtrade/node_modules/egg-security/lib/middlewares/csrf.js:30:10)
    at next (native)
    at Object.<anonymous> (/Users/joe/svn/eggtrade/node_modules/koa-compose/index.js:28:19)
    at next (native)
    at onFulfilled (/Users/joe/svn/eggtrade/node_modules/co/index.js:65:19)
    at /Users/joe/svn/eggtrade/node_modules/co/index.js:54:5
    at Object.co (/Users/joe/svn/eggtrade/node_modules/co/index.js:50:10)
    at Object.toPromise (/Users/joe/svn/eggtrade/node_modules/co/index.js:118:63)
    at next (/Users/joe/svn/eggtrade/node_modules/co/index.js:99:29)
    at onFulfilled (/Users/joe/svn/eggtrade/node_modules/co/index.js:69:7)
    at /Users/joe/svn/eggtrade/node_modules/co/index.js:54:5
    at Object.co (/Users/joe/svn/eggtrade/node_modules/co/index.js:50:10)
    at Object.toPromise (/Users/joe/svn/eggtrade/node_modules/co/index.js:118:63)
    at next (/Users/joe/svn/eggtrade/node_modules/co/index.js:99:29)
message: 'invalid csrf token'
pid: 10461
hostname: zouyongliangdeMacBook-Pro.local

2017-07-25 15:33:13,742 WARN 13025 [-/127.0.0.1/-/2ms POST /buy] invalid csrf token. See https://eggjs.org/zh-cn/core/security.html#安全威胁csrf的防范
2017-07-25 15:33:13,746 WARN 13025 [-/127.0.0.1/-/5ms POST /buy] nodejs.ForbiddenError: invalid csrf token
    at Object.throw (/Users/joe/svn/eggtrade/node_modules/koa/lib/context.js:89:23)
    at Object.assertCsrf (/Users/joe/svn/eggtrade/node_modules/egg-security/app/extend/context.js:148:17)
    at Object.csrf (/Users/joe/svn/eggtrade/node_modules/egg-security/lib/middlewares/csrf.js:30:10)
    at next (native)
    at Object.<anonymous> (/Users/joe/svn/eggtrade/node_modules/koa-compose/index.js:28:19)
    at next (native)
    at onFulfilled (/Users/joe/svn/eggtrade/node_modules/co/index.js:65:19)
    at /Users/joe/svn/eggtrade/node_modules/co/index.js:54:5
    at Object.co (/Users/joe/svn/eggtrade/node_modules/co/index.js:50:10)
    at Object.toPromise (/Users/joe/svn/eggtrade/node_modules/co/index.js:118:63)
    at next (/Users/joe/svn/eggtrade/node_modules/co/index.js:99:29)
    at onFulfilled (/Users/joe/svn/eggtrade/node_modules/co/index.js:69:7)
    at /Users/joe/svn/eggtrade/node_modules/co/index.js:54:5
    at Object.co (/Users/joe/svn/eggtrade/node_modules/co/index.js:50:10)
    at Object.toPromise (/Users/joe/svn/eggtrade/node_modules/co/index.js:118:63)
    at next (/Users/joe/svn/eggtrade/node_modules/co/index.js:99:29)
message: 'invalid csrf token'
pid: 13025
hostname: zouyongliangdeMacBook-Pro.local

2017-07-25 15:33:14,550 WARN 13025 [-/127.0.0.1/-/1ms POST /buy] invalid csrf token. See https://eggjs.org/zh-cn/core/security.html#安全威胁csrf的防范
2017-07-25 15:33:14,551 WARN 13025 [-/127.0.0.1/-/2ms POST /buy] nodejs.ForbiddenError: invalid csrf token
    at Object.throw (/Users/joe/svn/eggtrade/node_modules/koa/lib/context.js:89:23)
    at Object.assertCsrf (/Users/joe/svn/eggtrade/node_modules/egg-security/app/extend/context.js:148:17)
    at Object.csrf (/Users/joe/svn/eggtrade/node_modules/egg-security/lib/middlewares/csrf.js:30:10)
    at next (native)
    at Object.<anonymous> (/Users/joe/svn/eggtrade/node_modules/koa-compose/index.js:28:19)
    at next (native)
    at onFulfilled (/Users/joe/svn/eggtrade/node_modules/co/index.js:65:19)
    at /Users/joe/svn/eggtrade/node_modules/co/index.js:54:5
    at Object.co (/Users/joe/svn/eggtrade/node_modules/co/index.js:50:10)
    at Object.toPromise (/Users/joe/svn/eggtrade/node_modules/co/index.js:118:63)
    at next (/Users/joe/svn/eggtrade/node_modules/co/index.js:99:29)
    at onFulfilled (/Users/joe/svn/eggtrade/node_modules/co/index.js:69:7)
    at /Users/joe/svn/eggtrade/node_modules/co/index.js:54:5
    at Object.co (/Users/joe/svn/eggtrade/node_modules/co/index.js:50:10)
    at Object.toPromise (/Users/joe/svn/eggtrade/node_modules/co/index.js:118:63)
    at next (/Users/joe/svn/eggtrade/node_modules/co/index.js:99:29)
message: 'invalid csrf token'
pid: 13025
hostname: zouyongliangdeMacBook-Pro.local

2017-07-25 15:33:14,714 WARN 13025 [-/127.0.0.1/-/0ms POST /buy] invalid csrf token. See https://eggjs.org/zh-cn/core/security.html#安全威胁csrf的防范
2017-07-25 15:33:14,716 WARN 13025 [-/127.0.0.1/-/1ms POST /buy] nodejs.ForbiddenError: invalid csrf token
    at Object.throw (/Users/joe/svn/eggtrade/node_modules/koa/lib/context.js:89:23)
    at Object.assertCsrf (/Users/joe/svn/eggtrade/node_modules/egg-security/app/extend/context.js:148:17)
    at Object.csrf (/Users/joe/svn/eggtrade/node_modules/egg-security/lib/middlewares/csrf.js:30:10)
    at next (native)
    at Object.<anonymous> (/Users/joe/svn/eggtrade/node_modules/koa-compose/index.js:28:19)
    at next (native)
    at onFulfilled (/Users/joe/svn/eggtrade/node_modules/co/index.js:65:19)
    at /Users/joe/svn/eggtrade/node_modules/co/index.js:54:5
    at Object.co (/Users/joe/svn/eggtrade/node_modules/co/index.js:50:10)
    at Object.toPromise (/Users/joe/svn/eggtrade/node_modules/co/index.js:118:63)
    at next (/Users/joe/svn/eggtrade/node_modules/co/index.js:99:29)
    at onFulfilled (/Users/joe/svn/eggtrade/node_modules/co/index.js:69:7)
    at /Users/joe/svn/eggtrade/node_modules/co/index.js:54:5
    at Object.co (/Users/joe/svn/eggtrade/node_modules/co/index.js:50:10)
    at Object.toPromise (/Users/joe/svn/eggtrade/node_modules/co/index.js:118:63)
    at next (/Users/joe/svn/eggtrade/node_modules/co/index.js:99:29)
message: 'invalid csrf token'
pid: 13025
hostname: zouyongliangdeMacBook-Pro.local

2017-07-25 15:33:14,883 WARN 13025 [-/127.0.0.1/-/0ms POST /buy] invalid csrf token. See https://eggjs.org/zh-cn/core/security.html#安全威胁csrf的防范
2017-07-25 15:33:14,886 WARN 13025 [-/127.0.0.1/-/1ms POST /buy] nodejs.ForbiddenError: invalid csrf token
    at Object.throw (/Users/joe/svn/eggtrade/node_modules/koa/lib/context.js:89:23)
    at Object.assertCsrf (/Users/joe/svn/eggtrade/node_modules/egg-security/app/extend/context.js:148:17)
    at Object.csrf (/Users/joe/svn/eggtrade/node_modules/egg-security/lib/middlewares/csrf.js:30:10)
    at next (native)
    at Object.<anonymous> (/Users/joe/svn/eggtrade/node_modules/koa-compose/index.js:28:19)
    at next (native)
    at onFulfilled (/Users/joe/svn/eggtrade/node_modules/co/index.js:65:19)
    at /Users/joe/svn/eggtrade/node_modules/co/index.js:54:5
    at Object.co (/Users/joe/svn/eggtrade/node_modules/co/index.js:50:10)
    at Object.toPromise (/Users/joe/svn/eggtrade/node_modules/co/index.js:118:63)
    at next (/Users/joe/svn/eggtrade/node_modules/co/index.js:99:29)
    at onFulfilled (/Users/joe/svn/eggtrade/node_modules/co/index.js:69:7)
    at /Users/joe/svn/eggtrade/node_modules/co/index.js:54:5
    at Object.co (/Users/joe/svn/eggtrade/node_modules/co/index.js:50:10)
    at Object.toPromise (/Users/joe/svn/eggtrade/node_modules/co/index.js:118:63)
    at next (/Users/joe/svn/eggtrade/node_modules/co/index.js:99:29)
message: 'invalid csrf token'
pid: 13025
hostname: zouyongliangdeMacBook-Pro.local

2017-07-25 15:33:15,064 WARN 13025 [-/127.0.0.1/-/1ms POST /buy] invalid csrf token. See https://eggjs.org/zh-cn/core/security.html#安全威胁csrf的防范
2017-07-25 15:33:15,065 WARN 13025 [-/127.0.0.1/-/1ms POST /buy] nodejs.ForbiddenError: invalid csrf token
    at Object.throw (/Users/joe/svn/eggtrade/node_modules/koa/lib/context.js:89:23)
    at Object.assertCsrf (/Users/joe/svn/eggtrade/node_modules/egg-security/app/extend/context.js:148:17)
    at Object.csrf (/Users/joe/svn/eggtrade/node_modules/egg-security/lib/middlewares/csrf.js:30:10)
    at next (native)
    at Object.<anonymous> (/Users/joe/svn/eggtrade/node_modules/koa-compose/index.js:28:19)
    at next (native)
    at onFulfilled (/Users/joe/svn/eggtrade/node_modules/co/index.js:65:19)
    at /Users/joe/svn/eggtrade/node_modules/co/index.js:54:5
    at Object.co (/Users/joe/svn/eggtrade/node_modules/co/index.js:50:10)
    at Object.toPromise (/Users/joe/svn/eggtrade/node_modules/co/index.js:118:63)
    at next (/Users/joe/svn/eggtrade/node_modules/co/index.js:99:29)
    at onFulfilled (/Users/joe/svn/eggtrade/node_modules/co/index.js:69:7)
    at /Users/joe/svn/eggtrade/node_modules/co/index.js:54:5
    at Object.co (/Users/joe/svn/eggtrade/node_modules/co/index.js:50:10)
    at Object.toPromise (/Users/joe/svn/eggtrade/node_modules/co/index.js:118:63)
    at next (/Users/joe/svn/eggtrade/node_modules/co/index.js:99:29)
message: 'invalid csrf token'
pid: 13025
hostname: zouyongliangdeMacBook-Pro.local

2017-07-25 15:33:15,232 WARN 13025 [-/127.0.0.1/-/0ms POST /buy] invalid csrf token. See https://eggjs.org/zh-cn/core/security.html#安全威胁csrf的防范
2017-07-25 15:33:15,234 WARN 13025 [-/127.0.0.1/-/1ms POST /buy] nodejs.ForbiddenError: invalid csrf token
    at Object.throw (/Users/joe/svn/eggtrade/node_modules/koa/lib/context.js:89:23)
    at Object.assertCsrf (/Users/joe/svn/eggtrade/node_modules/egg-security/app/extend/context.js:148:17)
    at Object.csrf (/Users/joe/svn/eggtrade/node_modules/egg-security/lib/middlewares/csrf.js:30:10)
    at next (native)
    at Object.<anonymous> (/Users/joe/svn/eggtrade/node_modules/koa-compose/index.js:28:19)
    at next (native)
    at onFulfilled (/Users/joe/svn/eggtrade/node_modules/co/index.js:65:19)
    at /Users/joe/svn/eggtrade/node_modules/co/index.js:54:5
    at Object.co (/Users/joe/svn/eggtrade/node_modules/co/index.js:50:10)
    at Object.toPromise (/Users/joe/svn/eggtrade/node_modules/co/index.js:118:63)
    at next (/Users/joe/svn/eggtrade/node_modules/co/index.js:99:29)
    at onFulfilled (/Users/joe/svn/eggtrade/node_modules/co/index.js:69:7)
    at /Users/joe/svn/eggtrade/node_modules/co/index.js:54:5
    at Object.co (/Users/joe/svn/eggtrade/node_modules/co/index.js:50:10)
    at Object.toPromise (/Users/joe/svn/eggtrade/node_modules/co/index.js:118:63)
    at next (/Users/joe/svn/eggtrade/node_modules/co/index.js:99:29)
message: 'invalid csrf token'
pid: 13025
hostname: zouyongliangdeMacBook-Pro.local

2017-07-25 18:08:06,203 WARN 19109 [-/127.0.0.1/-/4ms POST /say] invalid csrf token. See https://eggjs.org/zh-cn/core/security.html#安全威胁csrf的防范
2017-07-25 18:08:06,209 WARN 19109 [-/127.0.0.1/-/7ms POST /say] nodejs.ForbiddenError: invalid csrf token
    at Object.throw (/Users/joe/svn/eggtrade1/node_modules/koa/lib/context.js:89:23)
    at Object.assertCsrf (/Users/joe/svn/eggtrade1/node_modules/egg-security/app/extend/context.js:148:17)
    at Object.csrf (/Users/joe/svn/eggtrade1/node_modules/egg-security/lib/middlewares/csrf.js:30:10)
    at next (native)
    at Object.<anonymous> (/Users/joe/svn/eggtrade1/node_modules/koa-compose/index.js:28:19)
    at next (native)
    at onFulfilled (/Users/joe/svn/eggtrade1/node_modules/co/index.js:65:19)
    at /Users/joe/svn/eggtrade1/node_modules/co/index.js:54:5
    at Object.co (/Users/joe/svn/eggtrade1/node_modules/co/index.js:50:10)
    at Object.toPromise (/Users/joe/svn/eggtrade1/node_modules/co/index.js:118:63)
message: 'invalid csrf token'
pid: 19109
hostname: zouyongliangdeMacBook-Pro.local

